<?xml version="1.0" encoding="UTF-8"?>
<!-- Generated by org.testng.reporters.JUnitXMLReporter -->
<testsuite ignored="0" hostname="TheDarkKnight" failures="0" tests="1" name="Run on Chrome" time="2.597" errors="0" timestamp="04 Apr 2023 17:35:07 GMT">
  <testcase classname="nopcommerce.user.Login" name="@BeforeClass beforeClass" time="2.519">
    <failure type="java.lang.NullPointerException">
      <![CDATA[java.lang.NullPointerException
at nopcommerce.user.Login.beforeClass(Login.java:34)
... Removed 26 stack frames]]>
    </failure>
  </testcase> <!-- @BeforeClass beforeClass -->
  <testcase classname="nopcommerce.user.Login" name="@AfterClass afterClass" time="0.0">
    <skipped/>
  </testcase> <!-- @AfterClass afterClass -->
  <testcase classname="nopcommerce.user.Login" name="Login_01_Empty_Data" time="0.0">
    <skipped/>
  </testcase> <!-- Login_01_Empty_Data -->
</testsuite> <!-- Run on Chrome -->
