<?xml version="1.0" encoding="UTF-8"?>
<!-- Generated by org.testng.reporters.JUnitXMLReporter -->
<testsuite ignored="0" hostname="TheDarkKnight" failures="0" tests="3" name="Run on H_CHROME" time="19.304" errors="0" timestamp="07 Apr 2023 04:18:04 GMT">
  <testcase classname="nopcommerce.user.MyAccount" name="My_Account_01_Customer_Info" time="1.441"/>
  <testcase classname="nopcommerce.user.MyAccount" name="My_Account_02_Address_Add_New_Empty_Data" time="1.312"/>
  <testcase classname="nopcommerce.user.MyAccount" name="My_Account_03_Address_Add_New_Full_Data" time="3.268"/>
</testsuite> <!-- Run on H_CHROME -->
