<?xml version="1.0" encoding="UTF-8"?>
<!-- Generated by org.testng.reporters.JUnitXMLReporter -->
<testsuite ignored="0" hostname="TheDarkNess" failures="0" tests="5" name="Run on Chrome" time="21.494" errors="0" timestamp="12 Apr 2023 10:34:21 GMT">
  <testcase classname="nopcommerce.user.MyAccount" name="My_Account_01_Customer_Info" time="1.813"/>
  <testcase classname="nopcommerce.user.MyAccount" name="My_Account_02_Address_Add_New_Empty_Data" time="1.442"/>
  <testcase classname="nopcommerce.user.MyAccount" name="My_Account_03_Address_Add_New_Full_Data_And_Delete" time="3.783"/>
  <testcase classname="nopcommerce.user.MyAccount" name="My_Account_04_Address_Add_New_Address" time="2.921"/>
  <testcase classname="nopcommerce.user.MyAccount" name="My_Account_05_Change_Password" time="3.309"/>
</testsuite> <!-- Run on Chrome -->
