<?xml version="1.0" encoding="UTF-8"?>
<!-- Generated by org.testng.reporters.JUnitXMLReporter -->
<testsuite ignored="0" hostname="TheDarkKnight" failures="0" tests="3" name="Run on Coccoc" time="0.147" errors="0" timestamp="07 Apr 2023 04:15:17 GMT">
  <testcase classname="nopcommerce.user.MyAccount" name="@BeforeClass beforeClass" time="0.024">
    <failure type="factoryBrowser.BrowserNotSupportedException" message="Browser not supported: coccoc">
      <![CDATA[factoryBrowser.BrowserNotSupportedException: Browser not supported: coccoc
at factoryEnvironment.LocalFactory.createDriver(LocalFactory.java:49)
at nopcommerce.user.BaseTest.getBrowserDriver(BaseTest.java:53)
at nopcommerce.user.MyAccount.beforeClass(MyAccount.java:32)
... Removed 26 stack frames]]>
    </failure>
  </testcase> <!-- @BeforeClass beforeClass -->
  <testcase classname="nopcommerce.user.MyAccount" name="@AfterClass afterClass" time="0.0">
    <skipped/>
  </testcase> <!-- @AfterClass afterClass -->
  <testcase classname="nopcommerce.user.MyAccount" name="My_Account_01_Customer_Info" time="0.0">
    <skipped/>
  </testcase> <!-- My_Account_01_Customer_Info -->
  <testcase classname="nopcommerce.user.MyAccount" name="My_Account_02_Address_Add_New_Empty_Data" time="0.0">
    <skipped/>
  </testcase> <!-- My_Account_02_Address_Add_New_Empty_Data -->
  <testcase classname="nopcommerce.user.MyAccount" name="My_Account_03_Address_Add_New_Full_Data" time="0.0">
    <skipped/>
  </testcase> <!-- My_Account_03_Address_Add_New_Full_Data -->
</testsuite> <!-- Run on Coccoc -->
