<?xml version="1.0" encoding="UTF-8"?>
<testng-results ignored="0" total="1" passed="1" failed="0" skipped="0">
  <reporter-output>
  </reporter-output>
  <suite started-at="2023-04-13T17:19:16Z" name="NopCommerce - User" finished-at="2023-04-13T17:19:25Z" duration-ms="9697">
    <groups>
    </groups>
    <test started-at="2023-04-13T17:19:16Z" name="Run on Chrome" finished-at="2023-04-13T17:19:25Z" duration-ms="9697">
      <class name="nopcommerce.user.Computers">
        <test-method is-config="true" signature="initBeforeSuit()[pri:0, instance:nopcommerce.user.Computers@6736fa8d]" started-at="2023-04-13T17:19:16Z" name="initBeforeSuit" finished-at="2023-04-13T17:19:16Z" duration-ms="15" status="PASS">
          <reporter-output>
          </reporter-output>
        </test-method> <!-- initBeforeSuit -->
        <test-method is-config="true" signature="beforeClass(java.lang.String, java.lang.String, java.lang.String, java.lang.String, java.lang.String, java.lang.String, java.lang.String)[pri:0, instance:nopcommerce.user.Computers@6736fa8d]" started-at="2023-04-13T17:19:16Z" name="beforeClass" finished-at="2023-04-13T17:19:24Z" duration-ms="8391" status="PASS">
          <params>
            <param index="0">
              <value>
                <![CDATA[local]]>
              </value>
            </param>
            <param index="1">
              <value>
                <![CDATA[testing]]>
              </value>
            </param>
            <param index="2">
              <value>
                <![CDATA[chrome]]>
              </value>
            </param>
            <param index="3">
              <value>
                <![CDATA[Windows]]>
              </value>
            </param>
            <param index="4">
              <value>
                <![CDATA[10]]>
              </value>
            </param>
            <param index="5">
              <value>
                <![CDATA[localhost]]>
              </value>
            </param>
            <param index="6">
              <value>
                <![CDATA[4444]]>
              </value>
            </param>
          </params>
          <reporter-output>
          </reporter-output>
        </test-method> <!-- beforeClass -->
        <test-method signature="Computers_01_Desktop()[pri:0, instance:nopcommerce.user.Computers@6736fa8d]" started-at="2023-04-13T17:19:24Z" name="Computers_01_Desktop" finished-at="2023-04-13T17:19:25Z" duration-ms="1128" status="PASS">
          <reporter-output>
          </reporter-output>
        </test-method> <!-- Computers_01_Desktop -->
        <test-method is-config="true" signature="afterClass()[pri:0, instance:nopcommerce.user.Computers@6736fa8d]" started-at="2023-04-13T17:19:25Z" name="afterClass" finished-at="2023-04-13T17:19:25Z" duration-ms="136" status="PASS">
          <reporter-output>
          </reporter-output>
        </test-method> <!-- afterClass -->
      </class> <!-- nopcommerce.user.Computers -->
    </test> <!-- Run on Chrome -->
  </suite> <!-- NopCommerce - User -->
</testng-results>
